03-13-2020 12:05:53 com.demo.F wwwwwwwwww
03-13-2020 12:05:53 com.demo.F eeeeeeeee
03-13-2020 12:05:53 com.demo.F ffffffffff
03-13-2020 12:06:51 com.demo.F wwwwwwwwww
03-13-2020 12:06:51 com.demo.F eeeeeeeee
03-13-2020 12:06:51 com.demo.F ffffffffff
03-13-2020 12:07:07 com.demo.F wwwwwwwwww
03-13-2020 12:07:07 com.demo.F eeeeeeeee
03-13-2020 12:07:07 com.demo.F ffffffffff
03-13-2020 12:07:18 com.demo.F wwwwwwwwww
03-13-2020 12:07:18 com.demo.F eeeeeeeee
03-13-2020 12:07:18 com.demo.F ffffffffff
03-13-2020 12:07:47 com.demo.F wwwwwwwwww
03-13-2020 12:07:47 com.demo.F eeeeeeeee
03-13-2020 12:07:47 com.demo.F ffffffffff
03-13-2020 12:07:54 com.demo.F wwwwwwwwww
03-13-2020 12:07:54 com.demo.F eeeeeeeee
03-13-2020 12:07:54 com.demo.F ffffffffff
03-13-2020 12:08:52 com.demo.F wwwwwwwwww
03-13-2020 12:08:52 com.demo.F eeeeeeeee
03-13-2020 12:08:52 com.demo.F ffffffffff
03-13-2020 12:09:21 com.demo.F iiiiiiiiii
03-13-2020 12:09:21 com.demo.F wwwwwwwwww
03-13-2020 12:09:21 com.demo.F eeeeeeeee
03-13-2020 12:09:21 com.demo.F ffffffffff
03-13-2020 12:09:40 com.demo.F wwwwwwwwww
03-13-2020 12:09:41 com.demo.F eeeeeeeee
03-13-2020 12:09:41 com.demo.F ffffffffff
03-13-2020 12:10:52 com.demo.F wwwwwwwwww
03-13-2020 12:10:52 com.demo.F eeeeeeeee
03-13-2020 12:10:52 com.demo.F ffffffffff
03-13-2020 12:11:29 com.demo.F wwww3wwwwww
03-13-2020 12:11:29 com.demo.F eeee4eeeee
03-13-2020 12:11:29 com.demo.F fffff5fffff
03-13-2020 12:12:00 com.demo.F wwww3wwwwww
03-13-2020 12:12:00 com.demo.F eeee4eeeee
03-13-2020 12:12:00 com.demo.F fffff5fffff
